#
# A fatal error has been detected by the Java Runtime Environment:
#
#  Internal Error (sharedRuntime.cpp:657), pid=8561, tid=140691910797056
#  guarantee(false) failed: missing exception handler
#
# JRE version: 6.0_23-b23
# Java VM: OpenJDK 64-Bit Server VM (20.0-b11 mixed mode linux-amd64 compressed oops)
# Derivative: IcedTea6 1.11pre
# Distribution: Ubuntu 11.10, package 6b23~pre11-0ubuntu1.11.10.2
# If you would like to submit a bug report, please include
# instructions how to reproduce the bug and visit:
#   https://bugs.launchpad.net/ubuntu/+source/openjdk-6/
#

---------------  T H R E A D  ---------------

Current thread (0x00007ff564109800):  JavaThread "Thread-8" [_thread_in_vm, id=8658, stack(0x00007ff5634da000,0x00007ff5635db000)]

Stack: [0x00007ff5634da000,0x00007ff5635db000],  sp=0x00007ff5635d8810,  free space=1018k
Native frames: (J=compiled Java code, j=interpreted, Vv=VM code, C=native code)
V  [libjvm.so+0x783225]  VMError::report(outputStream*)+0x1255
V  [libjvm.so+0x7834a9]  VMError::report_and_die()+0x169
V  [libjvm.so+0x3bb13a]  report_vm_error(char const*, int, char const*, char const*)+0x4a
V  [libjvm.so+0x6c15f2]  SharedRuntime::compute_compiled_exc_handler(nmethod*, unsigned char*, Handle&, bool, bool)+0x412
V  [libjvm.so+0x6bb207]  OptoRuntime::handle_exception_C_helper(JavaThread*, nmethod*&)+0x247
V  [libjvm.so+0x6bb3e2]  OptoRuntime::handle_exception_C(JavaThread*)+0x22

Java frames: (J=compiled Java code, j=interpreted, Vv=VM code)
v  ~ExceptionBlob
J  weka.classifiers.trees.RandomTree.distribution([[D[[[DILweka/core/Instances;)D
J  weka.classifiers.trees.RandomTree.buildTree(Lweka/core/Instances;[DLweka/core/Instances;DZ[ILjava/util/Random;IZ)V
J  weka.classifiers.trees.RandomTree.buildTree(Lweka/core/Instances;[DLweka/core/Instances;DZ[ILjava/util/Random;IZ)V
J  weka.classifiers.trees.RandomTree.buildTree(Lweka/core/Instances;[DLweka/core/Instances;DZ[ILjava/util/Random;IZ)V
J  weka.classifiers.trees.RandomTree.buildClassifier(Lweka/core/Instances;)V
j  weka.classifiers.ParallelIteratedSingleClassifierEnhancer.buildClassifiers()V+102
J  weka.classifiers.meta.Bagging.buildClassifier(Lweka/core/Instances;)V
j  weka.classifiers.trees.RandomForest.buildClassifier(Lweka/core/Instances;)V+141
j  weka.gui.explorer.ClassifierPanel$18.run()V+2340
v  ~StubRoutines::call_stub

---------------  P R O C E S S  ---------------

Java Threads: ( => current thread )
=>0x00007ff564109800 JavaThread "Thread-8" [_thread_in_vm, id=8658, stack(0x00007ff5634da000,0x00007ff5635db000)]
  0x00007ff5640bb000 JavaThread "Image Animator 3" daemon [_thread_blocked, id=8654, stack(0x00007ff5632d8000,0x00007ff5633d9000)]
  0x0000000002515800 JavaThread "DestroyJavaVM" [_thread_blocked, id=8562, stack(0x00007ff572326000,0x00007ff572427000)]
  0x00000000027fd800 JavaThread "Thread-2" [_thread_blocked, id=8591, stack(0x00007ff5635db000,0x00007ff5636dc000)]
  0x00007ff5643d3800 JavaThread "TimerQueue" daemon [_thread_blocked, id=8588, stack(0x00007ff5637dd000,0x00007ff5638de000)]
  0x00007ff5641b6000 JavaThread "AWT-EventQueue-0" [_thread_blocked, id=8582, stack(0x00007ff5639df000,0x00007ff563ae0000)]
  0x00007ff5641b5000 JavaThread "AWT-Shutdown" [_thread_blocked, id=8581, stack(0x00007ff563eff000,0x00007ff564000000)]
  0x00007ff56421a800 JavaThread "AWT-XAWT" daemon [_thread_in_native, id=8576, stack(0x00007ff5683ae000,0x00007ff5684af000)]
  0x00000000026ce800 JavaThread "Java2D Disposer" daemon [_thread_blocked, id=8575, stack(0x00007ff56876b000,0x00007ff56886c000)]
  0x00000000025b1000 JavaThread "Low Memory Detector" daemon [_thread_blocked, id=8573, stack(0x00007ff56a5ae000,0x00007ff56a6af000)]
  0x00000000025ae800 JavaThread "C2 CompilerThread1" daemon [_thread_blocked, id=8572, stack(0x00007ff56a6af000,0x00007ff56a7b0000)]
  0x00000000025ac000 JavaThread "C2 CompilerThread0" daemon [_thread_blocked, id=8571, stack(0x00007ff56a7b0000,0x00007ff56a8b1000)]
  0x000000000259d800 JavaThread "Signal Dispatcher" daemon [_thread_blocked, id=8570, stack(0x00007ff56a8b1000,0x00007ff56a9b2000)]
  0x000000000258b800 JavaThread "Finalizer" daemon [_thread_blocked, id=8569, stack(0x00007ff56b096000,0x00007ff56b197000)]
  0x0000000002584000 JavaThread "Reference Handler" daemon [_thread_blocked, id=8568, stack(0x00007ff56b197000,0x00007ff56b298000)]

Other Threads:
  0x000000000257d000 VMThread [stack: 0x00007ff56b298000,0x00007ff56b399000] [id=8567]
  0x00000000025bc000 WatcherThread [stack: 0x00007ff56a4ad000,0x00007ff56a5ae000] [id=8574]

VM state:not at safepoint (normal execution)

VM Mutex/Monitor currently owned by a thread: None

Heap
 PSYoungGen      total 314560K, used 248043K [0x00000000ebcb0000, 0x0000000100000000, 0x0000000100000000)
  eden space 298048K, 83% used [0x00000000ebcb0000,0x00000000faeead78,0x00000000fdfc0000)
  from space 16512K, 0% used [0x00000000fdfc0000,0x00000000fdfc0000,0x00000000fefe0000)
  to   space 15616K, 0% used [0x00000000ff0c0000,0x00000000ff0c0000,0x0000000100000000)
 PSOldGen        total 59072K, used 38027K [0x00000000c3600000, 0x00000000c6fb0000, 0x00000000ebcb0000)
  object space 59072K, 64% used [0x00000000c3600000,0x00000000c5b22f58,0x00000000c6fb0000)
 PSPermGen       total 35008K, used 34299K [0x00000000b9000000, 0x00000000bb230000, 0x00000000c3600000)
  object space 35008K, 97% used [0x00000000b9000000,0x00000000bb17ec28,0x00000000bb230000)

Code Cache  [0x00007ff56c25d000, 0x00007ff56c4cd000, 0x00007ff56f25d000)
 total_blobs=1062 nmethods=483 adapters=533 free_code_cache=48093056 largest_free_block=9408

Dynamic libraries:
00400000-00409000 r-xp 00000000 08:06 5123015                            /usr/lib/jvm/java-6-openjdk/jre/bin/java
00608000-00609000 r--p 00008000 08:06 5123015                            /usr/lib/jvm/java-6-openjdk/jre/bin/java
00609000-0060a000 rw-p 00009000 08:06 5123015                            /usr/lib/jvm/java-6-openjdk/jre/bin/java
0250b000-053a4000 rw-p 00000000 00:00 0                                  [heap]
b9000000-bb230000 rw-p 00000000 00:00 0 
bb230000-bd7a0000 ---p 00000000 00:00 0 
bd7a0000-c3600000 rw-p 00000000 00:00 0 
c3600000-c6fb0000 rw-p 00000000 00:00 0 
c6fb0000-ebcb0000 rw-p 00000000 00:00 0 
ebcb0000-100000000 rw-p 00000000 00:00 0 
7ff55c000000-7ff55ee66000 rw-p 00000000 00:00 0 
7ff55ee66000-7ff560000000 ---p 00000000 00:00 0 
7ff5632d8000-7ff5632db000 ---p 00000000 00:00 0 
7ff5632db000-7ff5633d9000 rw-p 00000000 00:00 0 
7ff5633d9000-7ff5633dc000 ---p 00000000 00:00 0 
7ff5633dc000-7ff5634da000 rw-p 00000000 00:00 0 
7ff5634da000-7ff5634dd000 ---p 00000000 00:00 0 
7ff5634dd000-7ff5635db000 rw-p 00000000 00:00 0 
7ff5635db000-7ff5635de000 ---p 00000000 00:00 0 
7ff5635de000-7ff5636dc000 rw-p 00000000 00:00 0 
7ff5636dc000-7ff5636df000 ---p 00000000 00:00 0 
7ff5636df000-7ff5637dd000 rw-p 00000000 00:00 0 
7ff5637dd000-7ff5637e0000 ---p 00000000 00:00 0 
7ff5637e0000-7ff5638de000 rw-p 00000000 00:00 0 
7ff5638de000-7ff5638e1000 ---p 00000000 00:00 0 
7ff5638e1000-7ff5639df000 rw-p 00000000 00:00 0 
7ff5639df000-7ff5639e2000 ---p 00000000 00:00 0 
7ff5639e2000-7ff563ae0000 rw-p 00000000 00:00 0 
7ff563ae0000-7ff563ae8000 r-xp 00000000 08:06 5123023                    /usr/lib/jvm/java-6-openjdk/jre/lib/amd64/libnio.so
7ff563ae8000-7ff563ce7000 ---p 00008000 08:06 5123023                    /usr/lib/jvm/java-6-openjdk/jre/lib/amd64/libnio.so
7ff563ce7000-7ff563ce8000 r--p 00007000 08:06 5123023                    /usr/lib/jvm/java-6-openjdk/jre/lib/amd64/libnio.so
7ff563ce8000-7ff563ce9000 rw-p 00008000 08:06 5123023                    /usr/lib/jvm/java-6-openjdk/jre/lib/amd64/libnio.so
7ff563ce9000-7ff563cfe000 r-xp 00000000 08:06 5123029                    /usr/lib/jvm/java-6-openjdk/jre/lib/amd64/libnet.so
7ff563cfe000-7ff563efd000 ---p 00015000 08:06 5123029                    /usr/lib/jvm/java-6-openjdk/jre/lib/amd64/libnet.so
7ff563efd000-7ff563efe000 r--p 00014000 08:06 5123029                    /usr/lib/jvm/java-6-openjdk/jre/lib/amd64/libnet.so
7ff563efe000-7ff563eff000 rw-p 00015000 08:06 5123029                    /usr/lib/jvm/java-6-openjdk/jre/lib/amd64/libnet.so
7ff563eff000-7ff563f02000 ---p 00000000 00:00 0 
7ff563f02000-7ff564000000 rw-p 00000000 00:00 0 
7ff564000000-7ff565510000 rw-p 00000000 00:00 0 
7ff565510000-7ff568000000 ---p 00000000 00:00 0 
7ff5680d6000-7ff5680db000 r-xp 00000000 08:06 4334375                    /usr/lib/x86_64-linux-gnu/libXfixes.so.3.1.0
7ff5680db000-7ff5682da000 ---p 00005000 08:06 4334375                    /usr/lib/x86_64-linux-gnu/libXfixes.so.3.1.0
7ff5682da000-7ff5682db000 r--p 00004000 08:06 4334375                    /usr/lib/x86_64-linux-gnu/libXfixes.so.3.1.0
7ff5682db000-7ff5682dc000 rw-p 00005000 08:06 4334375                    /usr/lib/x86_64-linux-gnu/libXfixes.so.3.1.0
7ff5682dc000-7ff5682dd000 r--s 00000000 08:06 2097236                    /var/cache/fontconfig/c05880de57d1f5e948fdfacc138775d9-le64.cache-3
7ff5682dd000-7ff5682e6000 r--s 00000000 08:06 2097233                    /var/cache/fontconfig/945677eb7aeaf62f1d50efc3fb3ec7d8-le64.cache-3
7ff5682e6000-7ff5682ec000 r--s 00000000 08:06 2097235                    /var/cache/fontconfig/a755afe4a08bf5b97852ceb7400b47bc-le64.cache-3
7ff5682ec000-7ff5682f2000 r--s 00000000 08:06 2097225                    /var/cache/fontconfig/515ca1ebc4b18308bea979be5704f9db-le64.cache-3
7ff5682f2000-7ff5682fb000 r--s 00000000 08:06 2097229                    /var/cache/fontconfig/6d41288fd70b0be22e8c3a91e032eec0-le64.cache-3
7ff5682fb000-7ff56830b000 r--s 00000000 08:06 2097218                    /var/cache/fontconfig/0f34bcd4b6ee430af32735b75db7f02b-le64.cache-3
7ff568355000-7ff5683ae000 rw-s 00000000 00:04 1409032                    /SYSV00000000 (deleted)
7ff5683ae000-7ff5683b1000 ---p 00000000 00:00 0 
7ff5683b1000-7ff5684af000 rw-p 00000000 00:00 0 
7ff5684af000-7ff5684b0000 r--s 00000000 08:06 2097236                    /var/cache/fontconfig/c05880de57d1f5e948fdfacc138775d9-le64.cache-3
7ff5684b0000-7ff5684b9000 r--s 00000000 08:06 2097233                    /var/cache/fontconfig/945677eb7aeaf62f1d50efc3fb3ec7d8-le64.cache-3
7ff5684b9000-7ff5684bb000 r--s 00000000 08:06 2097234                    /var/cache/fontconfig/99e8ed0e538f840c565b6ed5dad60d56-le64.cache-3
7ff5684bb000-7ff5684bf000 r--s 00000000 08:06 2097220                    /var/cache/fontconfig/2cd17615ca594fa2959ae173292e504c-le64.cache-3
7ff5684bf000-7ff5684c0000 r--s 00000000 08:06 2097244                    /var/cache/fontconfig/e7071f4a29fa870f4323321c154eba04-le64.cache-3
7ff5684c0000-7ff5684c5000 r--s 00000000 08:06 2097230                    /var/cache/fontconfig/6eb3985aa4124903f6ff08ba781cd364-le64.cache-3
7ff5684c5000-7ff5684c6000 r--s 00000000 08:06 2097224                    /var/cache/fontconfig/4c73fe0c47614734b17d736dbde7580a-le64.cache-3
7ff5684c6000-7ff5684c7000 r--s 00000000 08:06 2097217                    /var/cache/fontconfig/0d8c3b2ac0904cb8a57a757ad11a4a08-le64.cache-3
7ff5684c7000-7ff5684c8000 r--s 00000000 08:06 2097228                    /var/cache/fontconfig/6a53c69dea097a2d716e069445527da8-le64.cache-3
7ff5684c8000-7ff5684ce000 r--s 00000000 08:06 2097235                    /var/cache/fontconfig/a755afe4a08bf5b97852ceb7400b47bc-le64.cache-3
7ff5684ce000-7ff5684d4000 r--s 00000000 08:06 2097225                    /var/cache/fontconfig/515ca1ebc4b18308bea979be5704f9db-le64.cache-3
7ff5684d4000-7ff5684dd000 r--s 00000000 08:06 2097229                    /var/cache/fontconfig/6d41288fd70b0be22e8c3a91e032eec0-le64.cache-3
7ff5684dd000-7ff5684ed000 r--s 00000000 08:06 2097218                    /var/cache/fontconfig/0f34bcd4b6ee430af32735b75db7f02b-le64.cache-3
7ff5684ed000-7ff5684f0000 r--s 00000000 08:06 2097241                    /var/cache/fontconfig/d60319d88cac85ba9e1a07bd06cfbb8c-le64.cache-3
7ff5684f0000-7ff5684f1000 r--s 00000000 08:06 2102047                    /var/cache/fontconfig/4794a0821666d79190d59a36cb4f44b5-le64.cache-3
7ff5684f1000-7ff568501000 r--s 00000000 08:06 2097240                    /var/cache/fontconfig/d52a8644073d54c13679302ca1180695-le64.cache-3
7ff568501000-7ff568514000 r--s 00000000 08:06 2111599                    /var/cache/fontconfig/e13b20fdb08344e0e664864cc2ede53d-le64.cache-3
7ff568521000-7ff56852a000 r-xp 00000000 08:06 4334359                    /usr/lib/x86_64-linux-gnu/libXcursor.so.1.0.2
7ff56852a000-7ff568729000 ---p 00009000 08:06 4334359                    /usr/lib/x86_64-linux-gnu/libXcursor.so.1.0.2
7ff568729000-7ff56872a000 r--p 00008000 08:06 4334359                    /usr/lib/x86_64-linux-gnu/libXcursor.so.1.0.2
7ff56872a000-7ff56872b000 rw-p 00009000 08:06 4334359                    /usr/lib/x86_64-linux-gnu/libXcursor.so.1.0.2
7ff56874b000-7ff56874c000 r--p 00000000 00:00 0 
7ff56874c000-7ff568753000 r--s 000fb000 08:06 4471780                    /usr/lib/jvm/java-6-openjdk/jre/lib/resources.jar
7ff568753000-7ff568757000 r--s 00000000 08:06 2097232                    /var/cache/fontconfig/7ef2298fde41cc6eeb7af42e48b7d293-le64.cache-3
7ff568757000-7ff56876b000 r--s 00000000 08:06 2111598                    /var/cache/fontconfig/865f88548240fee46819705c6468c165-le64.cache-3
7ff56876b000-7ff56876e000 ---p 00000000 00:00 0 
7ff56876e000-7ff56886c000 rw-p 00000000 00:00 0 
7ff56886c000-7ff5688fe000 r-xp 00000000 08:06 4334470                    /usr/lib/x86_64-linux-gnu/libfreetype.so.6.6.2
7ff5688fe000-7ff568afd000 ---p 00092000 08:06 4334470                    /usr/lib/x86_64-linux-gnu/libfreetype.so.6.6.2
7ff568afd000-7ff568b03000 r--p 00091000 08:06 4334470                    /usr/lib/x86_64-linux-gnu/libfreetype.so.6.6.2
7ff568b03000-7ff568b04000 rw-p 00097000 08:06 4334470                    /usr/lib/x86_64-linux-gnu/libfreetype.so.6.6.2
7ff568b04000-7ff568b3d000 r-xp 00000000 08:06 5123039                    /usr/lib/jvm/java-6-openjdk/jre/lib/amd64/libfontmanager.so
7ff568b3d000-7ff568d3d000 ---p 00039000 08:06 5123039                    /usr/lib/jvm/java-6-openjdk/jre/lib/amd64/libfontmanager.so
7ff568d3d000-7ff568d3f000 r--p 00039000 08:06 5123039                    /usr/lib/jvm/java-6-openjdk/jre/lib/amd64/libfontmanager.so
7ff568d3f000-7ff568d40000 rw-p 0003b000 08:06 5123039                    /usr/lib/jvm/java-6-openjdk/jre/lib/amd64/libfontmanager.so
7ff568d40000-7ff568d45000 r-xp 00000000 08:06 4334367                    /usr/lib/x86_64-linux-gnu/libXdmcp.so.6.0.0
7ff568d45000-7ff568f44000 ---p 00005000 08:06 4334367                    /usr/lib/x86_64-linux-gnu/libXdmcp.so.6.0.0
7ff568f44000-7ff568f45000 r--p 00004000 08:06 4334367                    /usr/lib/x86_64-linux-gnu/libXdmcp.so.6.0.0
7ff568f45000-7ff568f46000 rw-p 00005000 08:06 4334367                    /usr/lib/x86_64-linux-gnu/libXdmcp.so.6.0.0
7ff568f46000-7ff568f48000 r-xp 00000000 08:06 4334351                    /usr/lib/x86_64-linux-gnu/libXau.so.6.0.0
7ff568f48000-7ff569147000 ---p 00002000 08:06 4334351                    /usr/lib/x86_64-linux-gnu/libXau.so.6.0.0
7ff569147000-7ff569148000 r--p 00001000 08:06 4334351                    /usr/lib/x86_64-linux-gnu/libXau.so.6.0.0
7ff569148000-7ff569149000 rw-p 00002000 08:06 4334351                    /usr/lib/x86_64-linux-gnu/libXau.so.6.0.0
7ff569149000-7ff569164000 r-xp 00000000 08:06 4334762                    /usr/lib/x86_64-linux-gnu/libxcb.so.1.1.0
7ff569164000-7ff569363000 ---p 0001b000 08:06 4334762                    /usr/lib/x86_64-linux-gnu/libxcb.so.1.1.0
7ff569363000-7ff569364000 r--p 0001a000 08:06 4334762                    /usr/lib/x86_64-linux-gnu/libxcb.so.1.1.0
7ff569364000-7ff569365000 rw-p 0001b000 08:06 4334762                    /usr/lib/x86_64-linux-gnu/libxcb.so.1.1.0
7ff569365000-7ff569374000 r-xp 00000000 08:06 4334383                    /usr/lib/x86_64-linux-gnu/libXi.so.6.1.0
7ff569374000-7ff569573000 ---p 0000f000 08:06 4334383                    /usr/lib/x86_64-linux-gnu/libXi.so.6.1.0
7ff569573000-7ff569574000 r--p 0000e000 08:06 4334383                    /usr/lib/x86_64-linux-gnu/libXi.so.6.1.0
7ff569574000-7ff569575000 rw-p 0000f000 08:06 4334383                    /usr/lib/x86_64-linux-gnu/libXi.so.6.1.0
7ff569575000-7ff56957a000 r-xp 00000000 08:06 4329423                    /usr/lib/libXtst.so.6.1.0
7ff56957a000-7ff569779000 ---p 00005000 08:06 4329423                    /usr/lib/libXtst.so.6.1.0
7ff569779000-7ff56977a000 r--p 00004000 08:06 4329423                    /usr/lib/libXtst.so.6.1.0
7ff56977a000-7ff56977b000 rw-p 00005000 08:06 4329423                    /usr/lib/libXtst.so.6.1.0
7ff56977b000-7ff569784000 r-xp 00000000 08:06 4334395                    /usr/lib/x86_64-linux-gnu/libXrender.so.1.3.0
7ff569784000-7ff569984000 ---p 00009000 08:06 4334395                    /usr/lib/x86_64-linux-gnu/libXrender.so.1.3.0
7ff569984000-7ff569985000 r--p 00009000 08:06 4334395                    /usr/lib/x86_64-linux-gnu/libXrender.so.1.3.0
7ff569985000-7ff569986000 rw-p 0000a000 08:06 4334395                    /usr/lib/x86_64-linux-gnu/libXrender.so.1.3.0
7ff569986000-7ff569ab9000 r-xp 00000000 08:06 4334347                    /usr/lib/x86_64-linux-gnu/libX11.so.6.3.0
7ff569ab9000-7ff569cb9000 ---p 00133000 08:06 4334347                    /usr/lib/x86_64-linux-gnu/libX11.so.6.3.0
7ff569cb9000-7ff569cba000 r--p 00133000 08:06 4334347                    /usr/lib/x86_64-linux-gnu/libX11.so.6.3.0
7ff569cba000-7ff569cbe000 rw-p 00134000 08:06 4334347                    /usr/lib/x86_64-linux-gnu/libX11.so.6.3.0
7ff569cbe000-7ff569cd0000 r-xp 00000000 08:06 4334371                    /usr/lib/x86_64-linux-gnu/libXext.so.6.4.0
7ff569cd0000-7ff569ecf000 ---p 00012000 08:06 4334371                    /usr/lib/x86_64-linux-gnu/libXext.so.6.4.0
7ff569ecf000-7ff569ed0000 r--p 00011000 08:06 4334371                    /usr/lib/x86_64-linux-gnu/libXext.so.6.4.0
7ff569ed0000-7ff569ed1000 rw-p 00012000 08:06 4334371                    /usr/lib/x86_64-linux-gnu/libXext.so.6.4.0
7ff569ed1000-7ff569ed3000 r--s 00000000 08:06 2097234                    /var/cache/fontconfig/99e8ed0e538f840c565b6ed5dad60d56-le64.cache-3
7ff569ed3000-7ff569ed7000 r--s 00000000 08:06 2097220                    /var/cache/fontconfig/2cd17615ca594fa2959ae173292e504c-le64.cache-3
7ff569ed7000-7ff569edc000 r--s 00000000 08:06 2097230                    /var/cache/fontconfig/6eb3985aa4124903f6ff08ba781cd364-le64.cache-3
7ff569edc000-7ff569edf000 r--s 00000000 08:06 2097241                    /var/cache/fontconfig/d60319d88cac85ba9e1a07bd06cfbb8c-le64.cache-3
7ff569edf000-7ff569ef2000 r--s 00000000 08:06 2111599                    /var/cache/fontconfig/e13b20fdb08344e0e664864cc2ede53d-le64.cache-3
7ff569ef2000-7ff569f3d000 r-xp 00000000 08:06 5117367                    /usr/lib/jvm/java-6-openjdk/jre/lib/amd64/xawt/libmawt.so
7ff569f3d000-7ff56a13d000 ---p 0004b000 08:06 5117367                    /usr/lib/jvm/java-6-openjdk/jre/lib/amd64/xawt/libmawt.so
7ff56a13d000-7ff56a13e000 r--p 0004b000 08:06 5117367                    /usr/lib/jvm/java-6-openjdk/jre/lib/amd64/xawt/libmawt.so
7ff56a13e000-7ff56a141000 rw-p 0004c000 08:06 5117367                    /usr/lib/jvm/java-6-openjdk/jre/lib/amd64/xawt/libmawt.so
7ff56a141000-7ff56a142000 rw-p 00000000 00:00 0 
7ff56a142000-7ff56a1ee000 r-xp 00000000 08:06 5123046                    /usr/lib/jvm/java-6-openjdk/jre/lib/amd64/libawt.so
7ff56a1ee000-7ff56a3ed000 ---p 000ac000 08:06 5123046                    /usr/lib/jvm/java-6-openjdk/jre/lib/amd64/libawt.so
7ff56a3ed000-7ff56a3ee000 r--p 000ab000 08:06 5123046                    /usr/lib/jvm/java-6-openjdk/jre/lib/amd64/libawt.so
7ff56a3ee000-7ff56a3f9000 rw-p 000ac000 08:06 5123046                    /usr/lib/jvm/java-6-openjdk/jre/lib/amd64/libawt.so
7ff56a3f9000-7ff56a41e000 rw-p 00000000 00:00 0 
7ff56a41e000-7ff56a421000 r--s 0007d000 08:06 4471776                    /usr/lib/jvm/java-6-openjdk/jre/lib/jsse.jar
7ff56a421000-7ff56a462000 r--s 00602000 08:06 3285823                    /home/simone/workspace/weka-3-7-6_src/dist/weka.jar
7ff56a462000-7ff56a46a000 r--s 00066000 08:06 4856938                    /usr/share/java/gnome-java-bridge.jar
7ff56a46a000-7ff56a46c000 r--s 0000f000 08:06 4471765                    /usr/lib/jvm/java-6-openjdk/jre/lib/ext/pulse-java.jar
7ff56a4a2000-7ff56a4a9000 rw-s 00000000 00:04 2162697                    /SYSV00000000 (deleted)
7ff56a4ad000-7ff56a4ae000 ---p 00000000 00:00 0 
7ff56a4ae000-7ff56a5ae000 rw-p 00000000 00:00 0 
7ff56a5ae000-7ff56a5b1000 ---p 00000000 00:00 0 
7ff56a5b1000-7ff56a6af000 rw-p 00000000 00:00 0 
7ff56a6af000-7ff56a6b2000 ---p 00000000 00:00 0 
7ff56a6b2000-7ff56a7b0000 rw-p 00000000 00:00 0 
7ff56a7b0000-7ff56a7b3000 ---p 00000000 00:00 0 
7ff56a7b3000-7ff56a8b1000 rw-p 00000000 00:00 0 
7ff56a8b1000-7ff56a8b4000 ---p 00000000 00:00 0 
7ff56a8b4000-7ff56a9b2000 rw-p 00000000 00:00 0 
7ff56a9b2000-7ff56b096000 r--p 00000000 08:06 4332888                    /usr/lib/locale/locale-archive
7ff56b096000-7ff56b099000 ---p 00000000 00:00 0 
7ff56b099000-7ff56b197000 rw-p 00000000 00:00 0 
7ff56b197000-7ff56b19a000 ---p 00000000 00:00 0 
7ff56b19a000-7ff56b298000 rw-p 00000000 00:00 0 
7ff56b298000-7ff56b299000 ---p 00000000 00:00 0 
7ff56b299000-7ff56b8d1000 rw-p 00000000 00:00 0 
7ff56b8d1000-7ff56ba61000 r--s 037ba000 08:06 4459363                    /usr/lib/jvm/java-6-openjdk/jre/lib/rt.jar
7ff56ba61000-7ff56ba89000 rw-p 00000000 00:00 0 
7ff56ba89000-7ff56ba8a000 ---p 00000000 00:00 0 
7ff56ba8a000-7ff56bb8a000 rw-p 00000000 00:00 0 
7ff56bb8a000-7ff56bb8b000 ---p 00000000 00:00 0 
7ff56bb8b000-7ff56bc8b000 rw-p 00000000 00:00 0 
7ff56bc8b000-7ff56bc8c000 ---p 00000000 00:00 0 
7ff56bc8c000-7ff56bd8c000 rw-p 00000000 00:00 0 
7ff56bd8c000-7ff56bd8d000 ---p 00000000 00:00 0 
7ff56bd8d000-7ff56be9f000 rw-p 00000000 00:00 0 
7ff56be9f000-7ff56beb1000 ---p 00000000 00:00 0 
7ff56beb1000-7ff56bee0000 rw-p 00000000 00:00 0 
7ff56bee0000-7ff56befd000 rw-p 00000000 00:00 0 
7ff56befd000-7ff56c024000 rw-p 00000000 00:00 0 
7ff56c024000-7ff56c036000 rw-p 00000000 00:00 0 
7ff56c036000-7ff56c048000 ---p 00000000 00:00 0 
7ff56c048000-7ff56c077000 rw-p 00000000 00:00 0 
7ff56c077000-7ff56c094000 rw-p 00000000 00:00 0 
7ff56c094000-7ff56c1ba000 rw-p 00000000 00:00 0 
7ff56c1ba000-7ff56c25c000 rw-p 00000000 00:00 0 
7ff56c25c000-7ff56c25d000 rw-p 00000000 00:00 0 
7ff56c25d000-7ff56c4cd000 rwxp 00000000 00:00 0 
7ff56c4cd000-7ff56f25d000 rw-p 00000000 00:00 0 
7ff56f25d000-7ff56f264000 r-xp 00000000 08:06 5123043                    /usr/lib/jvm/java-6-openjdk/jre/lib/amd64/libzip.so
7ff56f264000-7ff56f463000 ---p 00007000 08:06 5123043                    /usr/lib/jvm/java-6-openjdk/jre/lib/amd64/libzip.so
7ff56f463000-7ff56f464000 r--p 00006000 08:06 5123043                    /usr/lib/jvm/java-6-openjdk/jre/lib/amd64/libzip.so
7ff56f464000-7ff56f465000 rw-p 00007000 08:06 5123043                    /usr/lib/jvm/java-6-openjdk/jre/lib/amd64/libzip.so
7ff56f465000-7ff56f471000 r-xp 00000000 08:06 5250787                    /lib/x86_64-linux-gnu/libnss_files-2.13.so
7ff56f471000-7ff56f670000 ---p 0000c000 08:06 5250787                    /lib/x86_64-linux-gnu/libnss_files-2.13.so
7ff56f670000-7ff56f671000 r--p 0000b000 08:06 5250787                    /lib/x86_64-linux-gnu/libnss_files-2.13.so
7ff56f671000-7ff56f672000 rw-p 0000c000 08:06 5250787                    /lib/x86_64-linux-gnu/libnss_files-2.13.so
7ff56f672000-7ff56f67c000 r-xp 00000000 08:06 5250789                    /lib/x86_64-linux-gnu/libnss_nis-2.13.so
7ff56f67c000-7ff56f87c000 ---p 0000a000 08:06 5250789                    /lib/x86_64-linux-gnu/libnss_nis-2.13.so
7ff56f87c000-7ff56f87d000 r--p 0000a000 08:06 5250789                    /lib/x86_64-linux-gnu/libnss_nis-2.13.so
7ff56f87d000-7ff56f87e000 rw-p 0000b000 08:06 5250789                    /lib/x86_64-linux-gnu/libnss_nis-2.13.so
7ff56f87e000-7ff56f895000 r-xp 00000000 08:06 5250784                    /lib/x86_64-linux-gnu/libnsl-2.13.so
7ff56f895000-7ff56fa94000 ---p 00017000 08:06 5250784                    /lib/x86_64-linux-gnu/libnsl-2.13.so
7ff56fa94000-7ff56fa95000 r--p 00016000 08:06 5250784                    /lib/x86_64-linux-gnu/libnsl-2.13.so
7ff56fa95000-7ff56fa96000 rw-p 00017000 08:06 5250784                    /lib/x86_64-linux-gnu/libnsl-2.13.so
7ff56fa96000-7ff56fa98000 rw-p 00000000 00:00 0 
7ff56fa98000-7ff56faa0000 r-xp 00000000 08:06 5250785                    /lib/x86_64-linux-gnu/libnss_compat-2.13.so
7ff56faa0000-7ff56fc9f000 ---p 00008000 08:06 5250785                    /lib/x86_64-linux-gnu/libnss_compat-2.13.so
7ff56fc9f000-7ff56fca0000 r--p 00007000 08:06 5250785                    /lib/x86_64-linux-gnu/libnss_compat-2.13.so
7ff56fca0000-7ff56fca1000 rw-p 00008000 08:06 5250785                    /lib/x86_64-linux-gnu/libnss_compat-2.13.so
7ff56fca1000-7ff56fccd000 r-xp 00000000 08:06 5123042                    /usr/lib/jvm/java-6-openjdk/jre/lib/amd64/libjava.so
7ff56fccd000-7ff56fecc000 ---p 0002c000 08:06 5123042                    /usr/lib/jvm/java-6-openjdk/jre/lib/amd64/libjava.so
7ff56fecc000-7ff56fecd000 r--p 0002b000 08:06 5123042                    /usr/lib/jvm/java-6-openjdk/jre/lib/amd64/libjava.so
7ff56fecd000-7ff56fed0000 rw-p 0002c000 08:06 5123042                    /usr/lib/jvm/java-6-openjdk/jre/lib/amd64/libjava.so
7ff56fed0000-7ff56fede000 r-xp 00000000 08:06 5123028                    /usr/lib/jvm/java-6-openjdk/jre/lib/amd64/libverify.so
7ff56fede000-7ff5700dd000 ---p 0000e000 08:06 5123028                    /usr/lib/jvm/java-6-openjdk/jre/lib/amd64/libverify.so
7ff5700dd000-7ff5700df000 r--p 0000d000 08:06 5123028                    /usr/lib/jvm/java-6-openjdk/jre/lib/amd64/libverify.so
7ff5700df000-7ff5700e0000 rw-p 0000f000 08:06 5123028                    /usr/lib/jvm/java-6-openjdk/jre/lib/amd64/libverify.so
7ff5700e0000-7ff5700e7000 r-xp 00000000 08:06 5250794                    /lib/x86_64-linux-gnu/librt-2.13.so
7ff5700e7000-7ff5702e6000 ---p 00007000 08:06 5250794                    /lib/x86_64-linux-gnu/librt-2.13.so
7ff5702e6000-7ff5702e7000 r--p 00006000 08:06 5250794                    /lib/x86_64-linux-gnu/librt-2.13.so
7ff5702e7000-7ff5702e8000 rw-p 00007000 08:06 5250794                    /lib/x86_64-linux-gnu/librt-2.13.so
7ff5702e8000-7ff5702fd000 r-xp 00000000 08:06 5246716                    /lib/x86_64-linux-gnu/libgcc_s.so.1
7ff5702fd000-7ff5704fc000 ---p 00015000 08:06 5246716                    /lib/x86_64-linux-gnu/libgcc_s.so.1
7ff5704fc000-7ff5704fd000 r--p 00014000 08:06 5246716                    /lib/x86_64-linux-gnu/libgcc_s.so.1
7ff5704fd000-7ff5704fe000 rw-p 00015000 08:06 5246716                    /lib/x86_64-linux-gnu/libgcc_s.so.1
7ff5704fe000-7ff570581000 r-xp 00000000 08:06 5250782                    /lib/x86_64-linux-gnu/libm-2.13.so
7ff570581000-7ff570780000 ---p 00083000 08:06 5250782                    /lib/x86_64-linux-gnu/libm-2.13.so
7ff570780000-7ff570781000 r--p 00082000 08:06 5250782                    /lib/x86_64-linux-gnu/libm-2.13.so
7ff570781000-7ff570782000 rw-p 00083000 08:06 5250782                    /lib/x86_64-linux-gnu/libm-2.13.so
7ff570782000-7ff57086a000 r-xp 00000000 08:06 4334717                    /usr/lib/x86_64-linux-gnu/libstdc++.so.6.0.16
7ff57086a000-7ff570a6a000 ---p 000e8000 08:06 4334717                    /usr/lib/x86_64-linux-gnu/libstdc++.so.6.0.16
7ff570a6a000-7ff570a72000 r--p 000e8000 08:06 4334717                    /usr/lib/x86_64-linux-gnu/libstdc++.so.6.0.16
7ff570a72000-7ff570a74000 rw-p 000f0000 08:06 4334717                    /usr/lib/x86_64-linux-gnu/libstdc++.so.6.0.16
7ff570a74000-7ff570a89000 rw-p 00000000 00:00 0 
7ff570a89000-7ff57138c000 r-xp 00000000 08:06 5258049                    /usr/lib/jvm/java-6-openjdk/jre/lib/amd64/server/libjvm.so
7ff57138c000-7ff57158b000 ---p 00903000 08:06 5258049                    /usr/lib/jvm/java-6-openjdk/jre/lib/amd64/server/libjvm.so
7ff57158b000-7ff57160c000 r--p 00902000 08:06 5258049                    /usr/lib/jvm/java-6-openjdk/jre/lib/amd64/server/libjvm.so
7ff57160c000-7ff571627000 rw-p 00983000 08:06 5258049                    /usr/lib/jvm/java-6-openjdk/jre/lib/amd64/server/libjvm.so
7ff571627000-7ff571650000 rw-p 00000000 00:00 0 
7ff571650000-7ff571667000 r-xp 00000000 08:06 5246778                    /lib/x86_64-linux-gnu/libz.so.1.2.3.4
7ff571667000-7ff571866000 ---p 00017000 08:06 5246778                    /lib/x86_64-linux-gnu/libz.so.1.2.3.4
7ff571866000-7ff571867000 r--p 00016000 08:06 5246778                    /lib/x86_64-linux-gnu/libz.so.1.2.3.4
7ff571867000-7ff571868000 rw-p 00017000 08:06 5246778                    /lib/x86_64-linux-gnu/libz.so.1.2.3.4
7ff571868000-7ff5719ff000 r-xp 00000000 08:06 5250778                    /lib/x86_64-linux-gnu/libc-2.13.so
7ff5719ff000-7ff571bfe000 ---p 00197000 08:06 5250778                    /lib/x86_64-linux-gnu/libc-2.13.so
7ff571bfe000-7ff571c02000 r--p 00196000 08:06 5250778                    /lib/x86_64-linux-gnu/libc-2.13.so
7ff571c02000-7ff571c03000 rw-p 0019a000 08:06 5250778                    /lib/x86_64-linux-gnu/libc-2.13.so
7ff571c03000-7ff571c09000 rw-p 00000000 00:00 0 
7ff571c09000-7ff571c0b000 r-xp 00000000 08:06 5250781                    /lib/x86_64-linux-gnu/libdl-2.13.so
7ff571c0b000-7ff571e0b000 ---p 00002000 08:06 5250781                    /lib/x86_64-linux-gnu/libdl-2.13.so
7ff571e0b000-7ff571e0c000 r--p 00002000 08:06 5250781                    /lib/x86_64-linux-gnu/libdl-2.13.so
7ff571e0c000-7ff571e0d000 rw-p 00003000 08:06 5250781                    /lib/x86_64-linux-gnu/libdl-2.13.so
7ff571e0d000-7ff571e11000 r-xp 00000000 08:06 5258048                    /usr/lib/jvm/java-6-openjdk/jre/lib/amd64/jli/libjli.so
7ff571e11000-7ff572010000 ---p 00004000 08:06 5258048                    /usr/lib/jvm/java-6-openjdk/jre/lib/amd64/jli/libjli.so
7ff572010000-7ff572011000 r--p 00003000 08:06 5258048                    /usr/lib/jvm/java-6-openjdk/jre/lib/amd64/jli/libjli.so
7ff572011000-7ff572012000 rw-p 00004000 08:06 5258048                    /usr/lib/jvm/java-6-openjdk/jre/lib/amd64/jli/libjli.so
7ff572012000-7ff57202a000 r-xp 00000000 08:06 5250792                    /lib/x86_64-linux-gnu/libpthread-2.13.so
7ff57202a000-7ff572229000 ---p 00018000 08:06 5250792                    /lib/x86_64-linux-gnu/libpthread-2.13.so
7ff572229000-7ff57222a000 r--p 00017000 08:06 5250792                    /lib/x86_64-linux-gnu/libpthread-2.13.so
7ff57222a000-7ff57222b000 rw-p 00018000 08:06 5250792                    /lib/x86_64-linux-gnu/libpthread-2.13.so
7ff57222b000-7ff57222f000 rw-p 00000000 00:00 0 
7ff57222f000-7ff572250000 r-xp 00000000 08:06 5250775                    /lib/x86_64-linux-gnu/ld-2.13.so
7ff572250000-7ff572251000 r--s 00000000 08:06 2097244                    /var/cache/fontconfig/e7071f4a29fa870f4323321c154eba04-le64.cache-3
7ff572251000-7ff572252000 r--s 00000000 08:06 2097224                    /var/cache/fontconfig/4c73fe0c47614734b17d736dbde7580a-le64.cache-3
7ff572252000-7ff572262000 r--s 00000000 08:06 2097240                    /var/cache/fontconfig/d52a8644073d54c13679302ca1180695-le64.cache-3
7ff572262000-7ff572266000 r--s 00000000 08:06 2097232                    /var/cache/fontconfig/7ef2298fde41cc6eeb7af42e48b7d293-le64.cache-3
7ff572266000-7ff572270000 rw-p 00000000 00:00 0 
7ff572270000-7ff572326000 rw-p 00000000 00:00 0 
7ff572326000-7ff572329000 ---p 00000000 00:00 0 
7ff572329000-7ff57242c000 rw-p 00000000 00:00 0 
7ff57242c000-7ff57242d000 r--s 00000000 08:06 2097217                    /var/cache/fontconfig/0d8c3b2ac0904cb8a57a757ad11a4a08-le64.cache-3
7ff57242d000-7ff57242e000 r--s 00000000 08:06 2097228                    /var/cache/fontconfig/6a53c69dea097a2d716e069445527da8-le64.cache-3
7ff57242e000-7ff57242f000 r--s 00000000 08:06 2102047                    /var/cache/fontconfig/4794a0821666d79190d59a36cb4f44b5-le64.cache-3
7ff57242f000-7ff572443000 r--s 00000000 08:06 2111598                    /var/cache/fontconfig/865f88548240fee46819705c6468c165-le64.cache-3
7ff572443000-7ff57244b000 rw-s 00000000 08:06 3286049                    /tmp/hsperfdata_simone/8561
7ff57244b000-7ff57244c000 rw-p 00000000 00:00 0 
7ff57244c000-7ff57244d000 r--p 00000000 00:00 0 
7ff57244d000-7ff57244f000 rw-p 00000000 00:00 0 
7ff57244f000-7ff572450000 r--p 00020000 08:06 5250775                    /lib/x86_64-linux-gnu/ld-2.13.so
7ff572450000-7ff572452000 rw-p 00021000 08:06 5250775                    /lib/x86_64-linux-gnu/ld-2.13.so
7fff314ac000-7fff314e2000 rw-p 00000000 00:00 0                          [stack]
7fff315ff000-7fff31600000 r-xp 00000000 00:00 0                          [vdso]
ffffffffff600000-ffffffffff601000 r-xp 00000000 00:00 0                  [vsyscall]

VM Arguments:
java_command: dist/weka.jar
Launcher Type: SUN_STANDARD

Environment Variables:
PATH=/usr/lib/lightdm/lightdm:/usr/local/sbin:/usr/local/bin:/usr/sbin:/usr/bin:/sbin:/bin:/usr/games:/home/simone/.rvm/bin
USERNAME=simone
LD_LIBRARY_PATH=/usr/lib/jvm/java-6-openjdk/jre/lib/amd64/server:/usr/lib/jvm/java-6-openjdk/jre/lib/amd64:/usr/lib/jvm/java-6-openjdk/jre/../lib/amd64
SHELL=/bin/bash
DISPLAY=:0

Signal Handlers:
SIGSEGV: [libjvm.so+0x783e60], sa_mask[0]=0x7ffbfeff, sa_flags=0x10000004
SIGBUS: [libjvm.so+0x783e60], sa_mask[0]=0x7ffbfeff, sa_flags=0x10000004
SIGFPE: [libjvm.so+0x6485c0], sa_mask[0]=0x7ffbfeff, sa_flags=0x10000004
SIGPIPE: [libjvm.so+0x6485c0], sa_mask[0]=0x7ffbfeff, sa_flags=0x10000004
SIGXFSZ: [libjvm.so+0x6485c0], sa_mask[0]=0x7ffbfeff, sa_flags=0x10000004
SIGILL: [libjvm.so+0x6485c0], sa_mask[0]=0x7ffbfeff, sa_flags=0x10000004
SIGUSR1: SIG_DFL, sa_mask[0]=0x00000000, sa_flags=0x00000000
SIGUSR2: [libjvm.so+0x648770], sa_mask[0]=0x00000000, sa_flags=0x10000004
SIGHUP: [libjvm.so+0x64b280], sa_mask[0]=0x7ffbfeff, sa_flags=0x10000004
SIGINT: [libjvm.so+0x64b280], sa_mask[0]=0x7ffbfeff, sa_flags=0x10000004
SIGTERM: [libjvm.so+0x64b280], sa_mask[0]=0x7ffbfeff, sa_flags=0x10000004
SIGQUIT: [libjvm.so+0x64b280], sa_mask[0]=0x7ffbfeff, sa_flags=0x10000004


---------------  S Y S T E M  ---------------

OS:LinuxMint 12 (lisa)
uname:Linux 3.0.0-12-generic #20-Ubuntu SMP Fri Oct 7 14:56:25 UTC 2011 x86_64
libc:glibc 2.13 NPTL 2.13 
rlimit: STACK 8192k, CORE 0k, NPROC 30857, NOFILE 4096, AS infinity
load average:0.41 0.38 0.44

/proc/meminfo:
MemTotal:        3965612 kB
MemFree:          877528 kB
Buffers:          226772 kB
Cached:          1222544 kB
SwapCached:            0 kB
Active:          1994344 kB
Inactive:         817240 kB
Active(anon):    1469864 kB
Inactive(anon):   140036 kB
Active(file):     524480 kB
Inactive(file):   677204 kB
Unevictable:           0 kB
Mlocked:               0 kB
SwapTotal:       3815420 kB
SwapFree:        3815420 kB
Dirty:               156 kB
Writeback:             0 kB
AnonPages:       1362424 kB
Mapped:           156960 kB
Shmem:            247636 kB
Slab:             168612 kB
SReclaimable:     146104 kB
SUnreclaim:        22508 kB
KernelStack:        2864 kB
PageTables:        20300 kB
NFS_Unstable:          0 kB
Bounce:                0 kB
WritebackTmp:          0 kB
CommitLimit:     5798224 kB
Committed_AS:    2784620 kB
VmallocTotal:   34359738367 kB
VmallocUsed:      375480 kB
VmallocChunk:   34359354300 kB
HardwareCorrupted:     0 kB
AnonHugePages:         0 kB
HugePages_Total:       0
HugePages_Free:        0
HugePages_Rsvd:        0
HugePages_Surp:        0
Hugepagesize:       2048 kB
DirectMap4k:       63476 kB
DirectMap2M:     4046848 kB


CPU:total 4 (2 cores per cpu, 2 threads per core) family 6 model 42 stepping 7, cmov, cx8, fxsr, mmx, sse, sse2, sse3, ssse3, sse4.1, sse4.2, popcnt, ht

Memory: 4k page, physical 3965612k(877528k free), swap 3815420k(3815420k free)

vm_info: OpenJDK 64-Bit Server VM (20.0-b11) for linux-amd64 JRE (1.6.0_23-b23), built on Feb 23 2012 05:39:46 by "buildd" with gcc 4.6.1

time: Wed Jul  4 11:25:06 2012
elapsed time: 147 seconds

